<?xml version="1.0" encoding="UTF-8"?>
<!-- Generated by org.testng.reporters.JUnitXMLReporter -->
<testsuite ignored="6" hostname="DESKTOP-5210PLS" failures="0" tests="7" name="BGB Regression Test" time="101.459" errors="0" timestamp="2023-07-18T21:06:00 BDT">
  <testcase classname="tests.homeTest" name="openDetails" time="11.086"/>
  <testcase classname="tests.circularDetailsTest" name="opencircularTest" time="10.147"/>
  <testcase classname="tests.circularApplyTest" name="goAheadTest" time="10.078"/>
  <testcase classname="tests.circularApplyTest" name="enterSSCPassInfoTest" time="10.579"/>
  <testcase classname="tests.circularApplyTest" name="enterHSCPassInfoTest" time="10.418"/>
  <testcase classname="tests.circularApplyTest" name="selectOtherAndSubmitFirstForm" time="10.251"/>
  <testcase classname="tests.successfullyForApplyTest" name="continueApplyTest" time="10.278"/>
  <testcase classname="utility.openBrowser" name="@BeforeTest browser" time="0.0">
    <ignored/>
  </testcase> <!-- @BeforeTest browser -->
  <testcase classname="utility.openBrowser" name="@BeforeTest browser" time="0.0">
    <ignored/>
  </testcase> <!-- @BeforeTest browser -->
  <testcase classname="utility.openBrowser" name="@BeforeTest browser" time="0.0">
    <ignored/>
  </testcase> <!-- @BeforeTest browser -->
  <testcase classname="utility.openBrowser" name="@AfterTest browserClose" time="0.0">
    <ignored/>
  </testcase> <!-- @AfterTest browserClose -->
  <testcase classname="utility.openBrowser" name="@AfterTest browserClose" time="0.0">
    <ignored/>
  </testcase> <!-- @AfterTest browserClose -->
  <testcase classname="utility.openBrowser" name="@AfterTest browserClose" time="0.0">
    <ignored/>
  </testcase> <!-- @AfterTest browserClose -->
</testsuite> <!-- BGB Regression Test -->
